THERE_BE_DRAGONS_HERE
Address already in use
24 November 2025 1:18:31.769199 pm

VM: Mac OS - arm64 - 1000 - CoInterpreter VMMaker-tonel.1 uuid: cd2868a3-3dee-0d00-bd87-dbbf06d86bc4 Apr  3 2025
StackToRegisterMappingCogit VMMaker-tonel.1 uuid: cd2868a3-3dee-0d00-bd87-dbbf06d86bc4 Apr  3 2025
v10.3.4+0.62881b73c - Commit: 62881b73c - Date: 2025-04-03 10:29:49 +0200

Image: Pharo13.1.0SNAPSHOT [Build information: Pharo-13.1.0+SNAPSHOT.build.709.sha.374678e2d5eedbaa16e66b94202b76beb8e075b3 (64 Bit)]

Socket>>primSocket:bindTo:port:
	Receiver: a Socket[unconnected]
	Arguments and temporary variables: 
		socketID: 	#[131 236 46 105 0 0 0 0 128 64 0 27 1 0 0 0]
		anAddress: 	0.0.0.0
		aPort: 	7074
	Receiver's instance variables: 
		semaphore: 	a Semaphore()
		socketHandle: 	#[131 236 46 105 0 0 0 0 128 64 0 27 1 0 0 0]
		readSemaphore: 	a Semaphore()
		writeSemaphore: 	a Semaphore()


Socket>>bindTo:port:
	Receiver: a Socket[unconnected]
	Arguments and temporary variables: 
		anAddress: 	0.0.0.0
		aPort: 	7074
	Receiver's instance variables: 
		semaphore: 	a Semaphore()
		socketHandle: 	#[131 236 46 105 0 0 0 0 128 64 0 27 1 0 0 0]
		readSemaphore: 	a Semaphore()
		writeSemaphore: 	a Semaphore()


Socket>>bindToPort:
	Receiver: a Socket[unconnected]
	Arguments and temporary variables: 
		aPort: 	7074
	Receiver's instance variables: 
		semaphore: 	a Semaphore()
		socketHandle: 	#[131 236 46 105 0 0 0 0 128 64 0 27 1 0 0 0]
		readSemaphore: 	a Semaphore()
		writeSemaphore: 	a Semaphore()


Socket>>listenOn:backlogSize:
	Receiver: a Socket[unconnected]
	Arguments and temporary variables: 
		portNumber: 	7074
		backlog: 	32
	Receiver's instance variables: 
		semaphore: 	a Semaphore()
		socketHandle: 	#[131 236 46 105 0 0 0 0 128 64 0 27 1 0 0 0]
		readSemaphore: 	a Semaphore()
		writeSemaphore: 	a Semaphore()


ZnNetworkingUtils>>serverSocketOn:
	Receiver: a ZnNetworkingUtils
	Arguments and temporary variables: 
		port: 	7074
		socket: 	a Socket[unconnected]
	Receiver's instance variables: 
		socketStreamClass: 	ZdcSocketStream
		secureSocketStreamClass: 	ZdcSecureSocketStream
		sslSessionClass: 	ZdcPluginSSLSession


ZnNetworkingUtils class>>serverSocketOn:
	Receiver: ZnNetworkingUtils
	Arguments and temporary variables: 
		port: 	7074
	Receiver's instance variables: 
		superclass: 	Object
		methodDict: 	a MethodDictionary(#bufferSize->ZnNetworkingUtils>>#bufferSize [..]
		format: 	65539
		layout: 	a FixedLayout
		protocols: 	an Array(Protocol (accessing) - 6 selector(s) Protocol (proxy) -[..]
		subclasses: 	nil
		name: 	#ZnNetworkingUtils
		classPool: 	a Dictionary(#Default->a ZnNetworkingUtils #DefaultSocketStreamT[..]
		sharedPools: 	an OrderedCollection()
		environment: 	a SystemEnvironment(lots of globals)
		commentSourcePointer: 	89737224
		packageTag: 	a PackageTag(Support)


ZnManagingMultiThreadedServer(ZnSingleThreadedServer)>>initializeServerSocket
	Receiver: a ZnManagingMultiThreadedServer(stopped 7074)
	Arguments and temporary variables: 
x
	Receiver's instance variables: 
		options: 	a Dictionary(#delegate->a FOStaticFileServerDelegate #port->7074 #[..]
		sessionManager: 	nil
		newOptions: 	a ZnOptions
		process: 	nil
		serverSocket: 	nil
		logLevel: 	3
		lock: 	a Mutex
		connections: 	an OrderedCollection()


ZnManagingMultiThreadedServer(ZnMultiThreadedServer)>>listenLoop
	Receiver: a ZnManagingMultiThreadedServer(stopped 7074)
	Arguments and temporary variables: 
x
	Receiver's instance variables: 
		options: 	a Dictionary(#delegate->a FOStaticFileServerDelegate #port->7074 #[..]
		sessionManager: 	nil
		newOptions: 	a ZnOptions
		process: 	nil
		serverSocket: 	nil
		logLevel: 	3
		lock: 	a Mutex
		connections: 	an OrderedCollection()


[ [ self listenLoop ] repeat ] in ZnManagingMultiThreadedServer(ZnSingleThreadedServer)>>start
	Receiver: a ZnManagingMultiThreadedServer(stopped 7074)
	Arguments and temporary variables: 
x
	Receiver's instance variables: 
		options: 	a Dictionary(#delegate->a FOStaticFileServerDelegate #port->7074 #[..]
		sessionManager: 	nil
		newOptions: 	a ZnOptions
		process: 	nil
		serverSocket: 	nil
		logLevel: 	3
		lock: 	a Mutex
		connections: 	an OrderedCollection()


[self value.
			"IMPORTANT: Do not step over next line of code. See method comments for details"
			Processor terminateRealActive] in FullBlockClosure(BlockClosure)>>newProcess
	Receiver: [ [ self listenLoop ] repeat ]
	Arguments and temporary variables: 
x
	Receiver's instance variables: 
		outerContext: 	ZnManagingMultiThreadedServer(ZnSingleThreadedServer)>>start
		compiledBlock: 	a CompiledBlock: [ [ self listenLoop ] repeat ]
		numArgs: 	0
		receiver: 	a ZnManagingMultiThreadedServer(stopped 7074)



--- The full stack ---
Socket>>primSocket:bindTo:port:
Socket>>bindTo:port:
Socket>>bindToPort:
Socket>>listenOn:backlogSize:
ZnNetworkingUtils>>serverSocketOn:
ZnNetworkingUtils class>>serverSocketOn:
ZnManagingMultiThreadedServer(ZnSingleThreadedServer)>>initializeServerSocket
ZnManagingMultiThreadedServer(ZnMultiThreadedServer)>>listenLoop
[ [ self listenLoop ] repeat ] in ZnManagingMultiThreadedServer(ZnSingleThreadedServer)>>start
[self value.
			"IMPORTANT: Do not step over next line of code. See method comments for details"
			Processor terminateRealActive] in FullBlockClosure(BlockClosure)>>newProcess
-------------------------------------------------------------------------------

